<!DOCTYPE suite SYSTEM "https://testng.org/testng-1.0.dtd" >
<suite name="test-suite">

    <test name="test1">
        <classes>
            <class name="FirstTestClazz">
            </class>
        </classes>
    </test>

    <test name="test2">
        <classes>
            <class name="SecondTestClazz">
            </class>
        </classes>
    </test>
</suite>