<!DOCTYPE suite SYSTEM "https://testng.org/testng-1.0.dtd" >
<suite name="test-suite">
    <test name="test-1">
        <classes>
            <class name="database.FirstTest">
            </class>
        </classes>
    </test>
    <test name="test-2">
        <classes>
            <class name="database.SecondTest">
            </class>
        </classes>
    </test>
</suite>